<?xml version="1.0" encoding="UTF-8"?>
<coverage generated="1534509320">
  <project timestamp="1534509320">
    <package name="Ytake\LaravelAspect">
      <file name="/Applications/MAMP/htdocs/Laravel-Aspect/src/AnnotateClass.php">
        <class name="Ytake\LaravelAspect\AnnotateClass" namespace="Ytake\LaravelAspect">
          <metrics complexity="5" methods="1" coveredmethods="0" conditionals="0" coveredconditionals="0" statements="8" coveredstatements="6" elements="9" coveredelements="6"/>
        </class>
        <line num="22" type="method" name="getPostConstructMethod" visibility="public" complexity="5" crap="5.39" count="1"/>
        <line num="24" type="stmt" count="1"/>
        <line num="25" type="stmt" count="1"/>
        <line num="26" type="stmt" count="0"/>
        <line num="28" type="stmt" count="1"/>
        <line num="29" type="stmt" count="1"/>
        <line num="30" type="stmt" count="1"/>
        <line num="31" type="stmt" count="1"/>
        <line num="36" type="stmt" count="0"/>
        <metrics loc="38" ncloc="30" classes="1" methods="1" coveredmethods="0" conditionals="0" coveredconditionals="0" statements="8" coveredstatements="6" elements="9" coveredelements="6"/>
      </file>
      <file name="/Applications/MAMP/htdocs/Laravel-Aspect/src/AnnotationConfiguration.php">
        <class name="Ytake\LaravelAspect\AnnotationConfiguration" namespace="Ytake\LaravelAspect">
          <metrics complexity="6" methods="3" coveredmethods="3" conditionals="0" coveredconditionals="0" statements="11" coveredstatements="11" elements="14" coveredelements="14"/>
        </class>
        <line num="36" type="method" name="__construct" visibility="public" complexity="1" crap="1" count="1"/>
        <line num="38" type="stmt" count="1"/>
        <line num="39" type="stmt" count="1"/>
        <line num="40" type="stmt" count="1"/>
        <line num="45" type="method" name="ignoredAnnotations" visibility="public" complexity="4" crap="4" count="1"/>
        <line num="47" type="stmt" count="1"/>
        <line num="48" type="stmt" count="1"/>
        <line num="49" type="stmt" count="1"/>
        <line num="50" type="stmt" count="1"/>
        <line num="51" type="stmt" count="1"/>
        <line num="55" type="stmt" count="1"/>
        <line num="57" type="method" name="registerAnnotations" visibility="protected" complexity="1" crap="1" count="1"/>
        <line num="59" type="stmt" count="1"/>
        <line num="60" type="stmt" count="1"/>
        <metrics loc="61" ncloc="34" classes="1" methods="3" coveredmethods="3" conditionals="0" coveredconditionals="0" statements="11" coveredstatements="11" elements="14" coveredelements="14"/>
      </file>
      <file name="/Applications/MAMP/htdocs/Laravel-Aspect/src/AspectBind.php">
        <class name="Ytake\LaravelAspect\AspectBind" namespace="Ytake\LaravelAspect">
          <metrics complexity="6" methods="3" coveredmethods="1" conditionals="0" coveredconditionals="0" statements="16" coveredstatements="6" elements="19" coveredelements="7"/>
        </class>
        <line num="49" type="method" name="__construct" visibility="public" complexity="1" crap="1" count="1"/>
        <line num="51" type="stmt" count="1"/>
        <line num="52" type="stmt" count="1"/>
        <line num="53" type="stmt" count="1"/>
        <line num="54" type="stmt" count="1"/>
        <line num="62" type="method" name="bind" visibility="public" complexity="3" crap="7.23" count="1"/>
        <line num="64" type="stmt" count="1"/>
        <line num="65" type="stmt" count="1"/>
        <line num="67" type="stmt" count="0"/>
        <line num="68" type="stmt" count="0"/>
        <line num="69" type="stmt" count="0"/>
        <line num="70" type="stmt" count="0"/>
        <line num="71" type="stmt" count="0"/>
        <line num="72" type="stmt" count="0"/>
        <line num="75" type="stmt" count="0"/>
        <line num="81" type="method" name="makeCacheDir" visibility="private" complexity="2" crap="6" count="0"/>
        <line num="83" type="stmt" count="0"/>
        <line num="84" type="stmt" count="0"/>
        <line num="86" type="stmt" count="0"/>
        <metrics loc="87" ncloc="49" classes="1" methods="3" coveredmethods="1" conditionals="0" coveredconditionals="0" statements="16" coveredstatements="6" elements="19" coveredelements="7"/>
      </file>
      <file name="/Applications/MAMP/htdocs/Laravel-Aspect/src/AspectManager.php">
        <class name="Ytake\LaravelAspect\AspectManager" namespace="Ytake\LaravelAspect">
          <metrics complexity="4" methods="4" coveredmethods="2" conditionals="0" coveredconditionals="0" statements="9" coveredstatements="7" elements="13" coveredelements="9"/>
        </class>
        <line num="36" type="method" name="createRayDriver" visibility="protected" complexity="1" crap="1" count="1"/>
        <line num="38" type="stmt" count="1"/>
        <line num="39" type="stmt" count="1"/>
        <line num="40" type="stmt" count="1"/>
        <line num="41" type="stmt" count="1"/>
        <line num="48" type="method" name="createNoneDriver" visibility="protected" complexity="1" crap="2" count="0"/>
        <line num="50" type="stmt" count="0"/>
        <line num="56" type="method" name="getDefaultDriver" visibility="public" complexity="1" crap="2" count="0"/>
        <line num="58" type="stmt" count="0"/>
        <line num="66" type="method" name="getConfigure" visibility="protected" complexity="1" crap="1" count="1"/>
        <line num="68" type="stmt" count="1"/>
        <line num="69" type="stmt" count="1"/>
        <line num="71" type="stmt" count="1"/>
        <metrics loc="73" ncloc="37" classes="1" methods="4" coveredmethods="2" conditionals="0" coveredconditionals="0" statements="9" coveredstatements="7" elements="13" coveredelements="9"/>
      </file>
      <file name="/Applications/MAMP/htdocs/Laravel-Aspect/src/ContainerInterceptor.php">
        <class name="Ytake\LaravelAspect\ContainerInterceptor" namespace="Ytake\LaravelAspect">
          <metrics complexity="9" methods="4" coveredmethods="2" conditionals="0" coveredconditionals="0" statements="21" coveredstatements="14" elements="25" coveredelements="16"/>
        </class>
        <line num="42" type="method" name="__construct" visibility="public" complexity="1" crap="1" count="1"/>
        <line num="44" type="stmt" count="1"/>
        <line num="45" type="stmt" count="1"/>
        <line num="46" type="stmt" count="1"/>
        <line num="55" type="method" name="intercept" visibility="public" complexity="4" crap="6.00" count="1"/>
        <line num="57" type="stmt" count="1"/>
        <line num="58" type="stmt" count="0"/>
        <line num="61" type="stmt" count="1"/>
        <line num="62" type="stmt" count="0"/>
        <line num="64" type="method" name="anonymousFunction:64#209" complexity="2" crap="2" count="1"/>
        <line num="66" type="stmt" count="1"/>
        <line num="67" type="stmt" count="1"/>
        <line num="68" type="stmt" count="1"/>
        <line num="69" type="stmt" count="1"/>
        <line num="70" type="stmt" count="1"/>
        <line num="71" type="stmt" count="1"/>
        <line num="72" type="stmt" count="1"/>
        <line num="75" type="stmt" count="1"/>
        <line num="76" type="stmt" count="1"/>
        <line num="78" type="stmt" count="1"/>
        <line num="85" type="method" name="resolveContextualBindings" visibility="private" complexity="2" crap="6" count="0"/>
        <line num="87" type="stmt" count="0"/>
        <line num="88" type="stmt" count="0"/>
        <line num="89" type="stmt" count="0"/>
        <line num="90" type="stmt" count="0"/>
        <line num="92" type="stmt" count="0"/>
        <metrics loc="93" ncloc="57" classes="1" methods="4" coveredmethods="2" conditionals="0" coveredconditionals="0" statements="22" coveredstatements="15" elements="26" coveredelements="17"/>
      </file>
      <file name="/Applications/MAMP/htdocs/Laravel-Aspect/src/NullAspectKernel.php">
        <class name="Ytake\LaravelAspect\NullAspectKernel" namespace="Ytake\LaravelAspect">
          <metrics complexity="2" methods="2" coveredmethods="0" conditionals="0" coveredconditionals="0" statements="2" coveredstatements="0" elements="4" coveredelements="0"/>
        </class>
        <line num="28" type="method" name="register" visibility="public" complexity="1" crap="2" count="0"/>
        <line num="31" type="stmt" count="0"/>
        <line num="36" type="method" name="weave" visibility="public" complexity="1" crap="2" count="0"/>
        <line num="39" type="stmt" count="0"/>
        <metrics loc="40" ncloc="12" classes="1" methods="2" coveredmethods="0" conditionals="0" coveredconditionals="0" statements="2" coveredstatements="0" elements="4" coveredelements="0"/>
      </file>
      <file name="/Applications/MAMP/htdocs/Laravel-Aspect/src/RayAspectKernel.php">
        <class name="Ytake\LaravelAspect\RayAspectKernel" namespace="Ytake\LaravelAspect">
          <metrics complexity="23" methods="8" coveredmethods="5" conditionals="0" coveredconditionals="0" statements="29" coveredstatements="26" elements="37" coveredelements="31"/>
        </class>
        <line num="67" type="method" name="__construct" visibility="public" complexity="1" crap="1" count="1"/>
        <line num="69" type="stmt" count="1"/>
        <line num="70" type="stmt" count="1"/>
        <line num="71" type="stmt" count="1"/>
        <line num="72" type="stmt" count="1"/>
        <line num="73" type="stmt" count="1"/>
        <line num="74" type="stmt" count="1"/>
        <line num="75" type="stmt" count="1"/>
        <line num="82" type="method" name="register" visibility="public" complexity="2" crap="2.06" count="1"/>
        <line num="84" type="stmt" count="1"/>
        <line num="85" type="stmt" count="0"/>
        <line num="87" type="stmt" count="1"/>
        <line num="88" type="stmt" count="1"/>
        <line num="93" type="method" name="weave" visibility="public" complexity="3" crap="3.01" count="1"/>
        <line num="95" type="stmt" count="1"/>
        <line num="96" type="stmt" count="0"/>
        <line num="98" type="stmt" count="1"/>
        <line num="99" type="stmt" count="1"/>
        <line num="100" type="stmt" count="1"/>
        <line num="101" type="stmt" count="1"/>
        <line num="102" type="stmt" count="1"/>
        <line num="103" type="stmt" count="1"/>
        <line num="105" type="stmt" count="1"/>
        <line num="112" type="method" name="containerAdaptor" visibility="protected" complexity="1" crap="1" count="1"/>
        <line num="114" type="stmt" count="1"/>
        <line num="120" type="method" name="getCompiler" visibility="protected" complexity="1" crap="1" count="1"/>
        <line num="122" type="stmt" count="1"/>
        <line num="128" type="method" name="makeCompileDir" visibility="protected" complexity="1" crap="1" count="1"/>
        <line num="130" type="stmt" count="1"/>
        <line num="131" type="stmt" count="1"/>
        <line num="150" type="method" name="makeDirectories" visibility="private" complexity="2" crap="2" count="1"/>
        <line num="157" type="stmt" count="1"/>
        <line num="162" type="method" name="registerAspectModule" visibility="protected" complexity="3" crap="3.14" count="1"/>
        <line num="164" type="stmt" count="1"/>
        <line num="165" type="stmt" count="1"/>
        <line num="166" type="stmt" count="0"/>
        <line num="169" type="stmt" count="1"/>
        <metrics loc="201" ncloc="128" classes="1" methods="8" coveredmethods="5" conditionals="0" coveredconditionals="0" statements="29" coveredstatements="26" elements="37" coveredelements="31"/>
      </file>
    </package>
    <package name="Ytake\LaravelAspect\Annotation">
      <file name="/Applications/MAMP/htdocs/Laravel-Aspect/src/Annotation/AnnotationReaderTrait.php">
        <class name="AnnotationReaderTrait" namespace="Ytake\LaravelAspect\Annotation">
          <metrics complexity="1" methods="1" coveredmethods="0" conditionals="0" coveredconditionals="0" statements="2" coveredstatements="0" elements="3" coveredelements="0"/>
        </class>
        <line num="32" type="method" name="setAnnotation" visibility="public" complexity="1" crap="2" count="0"/>
        <line num="34" type="stmt" count="0"/>
        <line num="35" type="stmt" count="0"/>
        <metrics loc="36" ncloc="14" classes="1" methods="1" coveredmethods="0" conditionals="0" coveredconditionals="0" statements="2" coveredstatements="0" elements="3" coveredelements="0"/>
      </file>
      <file name="/Applications/MAMP/htdocs/Laravel-Aspect/src/Annotation/Async.php">
        <class name="Ytake\LaravelAspect\Annotation\Async" namespace="Ytake\LaravelAspect\Annotation">
          <metrics complexity="0" methods="0" coveredmethods="0" conditionals="0" coveredconditionals="0" statements="0" coveredstatements="0" elements="0" coveredelements="0"/>
        </class>
        <metrics loc="31" ncloc="10" classes="0" methods="0" coveredmethods="0" conditionals="0" coveredconditionals="0" statements="0" coveredstatements="0" elements="0" coveredelements="0"/>
      </file>
      <file name="/Applications/MAMP/htdocs/Laravel-Aspect/src/Annotation/CacheEvict.php">
        <class name="Ytake\LaravelAspect\Annotation\CacheEvict" namespace="Ytake\LaravelAspect\Annotation">
          <metrics complexity="0" methods="0" coveredmethods="0" conditionals="0" coveredconditionals="0" statements="0" coveredstatements="0" elements="0" coveredelements="0"/>
        </class>
        <metrics loc="42" ncloc="18" classes="0" methods="0" coveredmethods="0" conditionals="0" coveredconditionals="0" statements="0" coveredstatements="0" elements="0" coveredelements="0"/>
      </file>
      <file name="/Applications/MAMP/htdocs/Laravel-Aspect/src/Annotation/CachePut.php">
        <class name="Ytake\LaravelAspect\Annotation\CachePut" namespace="Ytake\LaravelAspect\Annotation">
          <metrics complexity="0" methods="0" coveredmethods="0" conditionals="0" coveredconditionals="0" statements="0" coveredstatements="0" elements="0" coveredelements="0"/>
        </class>
        <metrics loc="42" ncloc="18" classes="0" methods="0" coveredmethods="0" conditionals="0" coveredconditionals="0" statements="0" coveredstatements="0" elements="0" coveredelements="0"/>
      </file>
      <file name="/Applications/MAMP/htdocs/Laravel-Aspect/src/Annotation/Cacheable.php">
        <class name="Ytake\LaravelAspect\Annotation\Cacheable" namespace="Ytake\LaravelAspect\Annotation">
          <metrics complexity="0" methods="0" coveredmethods="0" conditionals="0" coveredconditionals="0" statements="0" coveredstatements="0" elements="0" coveredelements="0"/>
        </class>
        <metrics loc="45" ncloc="20" classes="0" methods="0" coveredmethods="0" conditionals="0" coveredconditionals="0" statements="0" coveredstatements="0" elements="0" coveredelements="0"/>
      </file>
      <file name="/Applications/MAMP/htdocs/Laravel-Aspect/src/Annotation/EagerQueue.php">
        <class name="Ytake\LaravelAspect\Annotation\EagerQueue" namespace="Ytake\LaravelAspect\Annotation">
          <metrics complexity="1" methods="1" coveredmethods="0" conditionals="0" coveredconditionals="0" statements="1" coveredstatements="0" elements="2" coveredelements="0"/>
        </class>
        <line num="32" type="method" name="delay" visibility="public" complexity="1" crap="2" count="0"/>
        <line num="34" type="stmt" count="0"/>
        <metrics loc="36" ncloc="13" classes="1" methods="1" coveredmethods="0" conditionals="0" coveredconditionals="0" statements="1" coveredstatements="0" elements="2" coveredelements="0"/>
      </file>
      <file name="/Applications/MAMP/htdocs/Laravel-Aspect/src/Annotation/LazyQueue.php">
        <class name="Ytake\LaravelAspect\Annotation\LazyQueue" namespace="Ytake\LaravelAspect\Annotation">
          <metrics complexity="1" methods="1" coveredmethods="0" conditionals="0" coveredconditionals="0" statements="1" coveredstatements="0" elements="2" coveredelements="0"/>
        </class>
        <line num="35" type="method" name="delay" visibility="public" complexity="1" crap="2" count="0"/>
        <line num="37" type="stmt" count="0"/>
        <metrics loc="39" ncloc="15" classes="1" methods="1" coveredmethods="0" conditionals="0" coveredconditionals="0" statements="1" coveredstatements="0" elements="2" coveredelements="0"/>
      </file>
      <file name="/Applications/MAMP/htdocs/Laravel-Aspect/src/Annotation/LogExceptions.php">
        <class name="Ytake\LaravelAspect\Annotation\LogExceptions" namespace="Ytake\LaravelAspect\Annotation">
          <metrics complexity="0" methods="0" coveredmethods="0" conditionals="0" coveredconditionals="0" statements="0" coveredstatements="0" elements="0" coveredelements="0"/>
        </class>
        <metrics loc="37" ncloc="15" classes="0" methods="0" coveredmethods="0" conditionals="0" coveredconditionals="0" statements="0" coveredstatements="0" elements="0" coveredelements="0"/>
      </file>
      <file name="/Applications/MAMP/htdocs/Laravel-Aspect/src/Annotation/Loggable.php">
        <class name="Ytake\LaravelAspect\Annotation\Loggable" namespace="Ytake\LaravelAspect\Annotation">
          <metrics complexity="0" methods="0" coveredmethods="0" conditionals="0" coveredconditionals="0" statements="0" coveredstatements="0" elements="0" coveredelements="0"/>
        </class>
        <metrics loc="37" ncloc="15" classes="0" methods="0" coveredmethods="0" conditionals="0" coveredconditionals="0" statements="0" coveredstatements="0" elements="0" coveredelements="0"/>
      </file>
      <file name="/Applications/MAMP/htdocs/Laravel-Aspect/src/Annotation/LoggableAnnotate.php">
        <class name="Ytake\LaravelAspect\Annotation\LoggableAnnotate" namespace="Ytake\LaravelAspect\Annotation">
          <metrics complexity="0" methods="0" coveredmethods="0" conditionals="0" coveredconditionals="0" statements="0" coveredstatements="0" elements="0" coveredelements="0"/>
        </class>
        <metrics loc="32" ncloc="12" classes="0" methods="0" coveredmethods="0" conditionals="0" coveredconditionals="0" statements="0" coveredstatements="0" elements="0" coveredelements="0"/>
      </file>
      <file name="/Applications/MAMP/htdocs/Laravel-Aspect/src/Annotation/MessageDriven.php">
        <class name="Ytake\LaravelAspect\Annotation\MessageDriven" namespace="Ytake\LaravelAspect\Annotation">
          <metrics complexity="0" methods="0" coveredmethods="0" conditionals="0" coveredconditionals="0" statements="0" coveredstatements="0" elements="0" coveredelements="0"/>
        </class>
        <metrics loc="38" ncloc="14" classes="0" methods="0" coveredmethods="0" conditionals="0" coveredconditionals="0" statements="0" coveredstatements="0" elements="0" coveredelements="0"/>
      </file>
      <file name="/Applications/MAMP/htdocs/Laravel-Aspect/src/Annotation/PostConstruct.php">
        <class name="Ytake\LaravelAspect\Annotation\PostConstruct" namespace="Ytake\LaravelAspect\Annotation">
          <metrics complexity="0" methods="0" coveredmethods="0" conditionals="0" coveredconditionals="0" statements="0" coveredstatements="0" elements="0" coveredelements="0"/>
        </class>
        <metrics loc="29" ncloc="9" classes="0" methods="0" coveredmethods="0" conditionals="0" coveredconditionals="0" statements="0" coveredstatements="0" elements="0" coveredelements="0"/>
      </file>
      <file name="/Applications/MAMP/htdocs/Laravel-Aspect/src/Annotation/QueryLog.php">
        <class name="Ytake\LaravelAspect\Annotation\QueryLog" namespace="Ytake\LaravelAspect\Annotation">
          <metrics complexity="0" methods="0" coveredmethods="0" conditionals="0" coveredconditionals="0" statements="0" coveredstatements="0" elements="0" coveredelements="0"/>
        </class>
        <metrics loc="39" ncloc="15" classes="0" methods="0" coveredmethods="0" conditionals="0" coveredconditionals="0" statements="0" coveredstatements="0" elements="0" coveredelements="0"/>
      </file>
      <file name="/Applications/MAMP/htdocs/Laravel-Aspect/src/Annotation/RetryOnFailure.php">
        <class name="Ytake\LaravelAspect\Annotation\RetryOnFailure" namespace="Ytake\LaravelAspect\Annotation">
          <metrics complexity="0" methods="0" coveredmethods="0" conditionals="0" coveredconditionals="0" statements="0" coveredstatements="0" elements="0" coveredelements="0"/>
        </class>
        <metrics loc="43" ncloc="18" classes="0" methods="0" coveredmethods="0" conditionals="0" coveredconditionals="0" statements="0" coveredstatements="0" elements="0" coveredelements="0"/>
      </file>
      <file name="/Applications/MAMP/htdocs/Laravel-Aspect/src/Annotation/Transactional.php">
        <class name="Ytake\LaravelAspect\Annotation\Transactional" namespace="Ytake\LaravelAspect\Annotation">
          <metrics complexity="0" methods="0" coveredmethods="0" conditionals="0" coveredconditionals="0" statements="0" coveredstatements="0" elements="0" coveredelements="0"/>
        </class>
        <metrics loc="34" ncloc="12" classes="0" methods="0" coveredmethods="0" conditionals="0" coveredconditionals="0" statements="0" coveredstatements="0" elements="0" coveredelements="0"/>
      </file>
    </package>
    <file name="/Applications/MAMP/htdocs/Laravel-Aspect/src/Annotation/Delayed.php">
      <metrics loc="29" ncloc="8" classes="0" methods="0" coveredmethods="0" conditionals="0" coveredconditionals="0" statements="0" coveredstatements="0" elements="0" coveredelements="0"/>
    </file>
    <file name="/Applications/MAMP/htdocs/Laravel-Aspect/src/Annotation/RequireAnnotation.php">
      <line num="19" type="stmt" count="0"/>
      <line num="20" type="stmt" count="0"/>
      <line num="21" type="stmt" count="0"/>
      <line num="22" type="stmt" count="0"/>
      <line num="23" type="stmt" count="0"/>
      <line num="24" type="stmt" count="0"/>
      <line num="25" type="stmt" count="0"/>
      <line num="26" type="stmt" count="0"/>
      <line num="27" type="stmt" count="0"/>
      <line num="28" type="stmt" count="0"/>
      <line num="29" type="stmt" count="0"/>
      <line num="30" type="stmt" count="0"/>
      <line num="31" type="stmt" count="0"/>
      <metrics loc="31" ncloc="16" classes="0" methods="0" coveredmethods="0" conditionals="0" coveredconditionals="0" statements="13" coveredstatements="0" elements="13" coveredelements="0"/>
    </file>
    <file name="/Applications/MAMP/htdocs/Laravel-Aspect/src/AspectDriverInterface.php">
      <metrics loc="37" ncloc="11" classes="0" methods="0" coveredmethods="0" conditionals="0" coveredconditionals="0" statements="0" coveredstatements="0" elements="0" coveredelements="0"/>
    </file>
    <package name="Ytake\LaravelAspect\Console">
      <file name="/Applications/MAMP/htdocs/Laravel-Aspect/src/Console/ClearCacheCommand.php">
        <class name="Ytake\LaravelAspect\Console\ClearCacheCommand" namespace="Ytake\LaravelAspect\Console">
          <metrics complexity="6" methods="3" coveredmethods="0" conditionals="0" coveredconditionals="0" statements="16" coveredstatements="0" elements="19" coveredelements="0"/>
        </class>
        <line num="45" type="method" name="__construct" visibility="public" complexity="1" crap="2" count="0"/>
        <line num="47" type="stmt" count="0"/>
        <line num="48" type="stmt" count="0"/>
        <line num="49" type="stmt" count="0"/>
        <line num="50" type="stmt" count="0"/>
        <line num="55" type="method" name="handle" visibility="public" complexity="3" crap="12" count="0"/>
        <line num="57" type="stmt" count="0"/>
        <line num="58" type="stmt" count="0"/>
        <line num="59" type="stmt" count="0"/>
        <line num="60" type="stmt" count="0"/>
        <line num="62" type="stmt" count="0"/>
        <line num="63" type="stmt" count="0"/>
        <line num="65" type="stmt" count="0"/>
        <line num="66" type="stmt" count="0"/>
        <line num="71" type="method" name="removeFiles" visibility="protected" complexity="2" crap="6" count="0"/>
        <line num="73" type="stmt" count="0"/>
        <line num="74" type="stmt" count="0"/>
        <line num="75" type="stmt" count="0"/>
        <line num="77" type="stmt" count="0"/>
        <metrics loc="78" ncloc="46" classes="1" methods="3" coveredmethods="0" conditionals="0" coveredconditionals="0" statements="16" coveredstatements="0" elements="19" coveredelements="0"/>
      </file>
      <file name="/Applications/MAMP/htdocs/Laravel-Aspect/src/Console/CompileCommand.php">
        <class name="Ytake\LaravelAspect\Console\CompileCommand" namespace="Ytake\LaravelAspect\Console">
          <metrics complexity="2" methods="2" coveredmethods="0" conditionals="0" coveredconditionals="0" statements="6" coveredstatements="0" elements="8" coveredelements="0"/>
        </class>
        <line num="42" type="method" name="__construct" visibility="public" complexity="1" crap="2" count="0"/>
        <line num="44" type="stmt" count="0"/>
        <line num="45" type="stmt" count="0"/>
        <line num="46" type="stmt" count="0"/>
        <line num="51" type="method" name="handle" visibility="public" complexity="1" crap="2" count="0"/>
        <line num="53" type="stmt" count="0"/>
        <line num="54" type="stmt" count="0"/>
        <line num="55" type="stmt" count="0"/>
        <metrics loc="56" ncloc="27" classes="1" methods="2" coveredmethods="0" conditionals="0" coveredconditionals="0" statements="6" coveredstatements="0" elements="8" coveredelements="0"/>
      </file>
      <file name="/Applications/MAMP/htdocs/Laravel-Aspect/src/Console/ModulePublishCommand.php">
        <class name="Ytake\LaravelAspect\Console\ModulePublishCommand" namespace="Ytake\LaravelAspect\Console">
          <metrics complexity="14" methods="0" coveredmethods="0" conditionals="0" coveredconditionals="0" statements="0" coveredstatements="0" elements="0" coveredelements="0"/>
        </class>
        <metrics loc="195" ncloc="126" classes="0" methods="0" coveredmethods="0" conditionals="0" coveredconditionals="0" statements="0" coveredstatements="0" elements="0" coveredelements="0"/>
      </file>
    </package>
    <package name="Ytake\LaravelAspect\Exception">
      <file name="/Applications/MAMP/htdocs/Laravel-Aspect/src/Exception/ClassNotFoundException.php">
        <class name="Ytake\LaravelAspect\Exception\ClassNotFoundException" namespace="Ytake\LaravelAspect\Exception">
          <metrics complexity="1" methods="1" coveredmethods="0" conditionals="0" coveredconditionals="0" statements="2" coveredstatements="0" elements="3" coveredelements="0"/>
        </class>
        <line num="30" type="method" name="__construct" visibility="public" complexity="1" crap="2" count="0"/>
        <line num="32" type="stmt" count="0"/>
        <line num="33" type="stmt" count="0"/>
        <metrics loc="34" ncloc="11" classes="1" methods="1" coveredmethods="0" conditionals="0" coveredconditionals="0" statements="2" coveredstatements="0" elements="3" coveredelements="0"/>
      </file>
      <file name="/Applications/MAMP/htdocs/Laravel-Aspect/src/Exception/FileNotFoundException.php">
        <class name="Ytake\LaravelAspect\Exception\FileNotFoundException" namespace="Ytake\LaravelAspect\Exception">
          <metrics complexity="1" methods="1" coveredmethods="0" conditionals="0" coveredconditionals="0" statements="2" coveredstatements="0" elements="3" coveredelements="0"/>
        </class>
        <line num="30" type="method" name="__construct" visibility="public" complexity="1" crap="2" count="0"/>
        <line num="32" type="stmt" count="0"/>
        <line num="33" type="stmt" count="0"/>
        <metrics loc="34" ncloc="11" classes="1" methods="1" coveredmethods="0" conditionals="0" coveredconditionals="0" statements="2" coveredstatements="0" elements="3" coveredelements="0"/>
      </file>
    </package>
    <package name="Ytake\LaravelAspect\Interceptor">
      <file name="/Applications/MAMP/htdocs/Laravel-Aspect/src/Interceptor/AbstractCache.php">
        <class name="Ytake\LaravelAspect\Interceptor\AbstractCache" namespace="Ytake\LaravelAspect\Interceptor">
          <metrics complexity="18" methods="5" coveredmethods="0" conditionals="0" coveredconditionals="0" statements="34" coveredstatements="0" elements="39" coveredelements="0"/>
        </class>
        <line num="49" type="method" name="generateCacheName" visibility="protected" complexity="3" crap="12" count="0"/>
        <line num="51" type="stmt" count="0"/>
        <line num="52" type="stmt" count="0"/>
        <line num="54" type="stmt" count="0"/>
        <line num="55" type="stmt" count="0"/>
        <line num="58" type="stmt" count="0"/>
        <line num="68" type="method" name="detectCacheKeys" visibility="protected" complexity="6" crap="42" count="0"/>
        <line num="70" type="stmt" count="0"/>
        <line num="71" type="stmt" count="0"/>
        <line num="73" type="stmt" count="0"/>
        <line num="74" type="stmt" count="0"/>
        <line num="75" type="stmt" count="0"/>
        <line num="76" type="stmt" count="0"/>
        <line num="79" type="stmt" count="0"/>
        <line num="80" type="stmt" count="0"/>
        <line num="85" type="stmt" count="0"/>
        <line num="93" type="method" name="detectCacheRepository" visibility="protected" complexity="3" crap="12" count="0"/>
        <line num="96" type="stmt" count="0"/>
        <line num="97" type="stmt" count="0"/>
        <line num="99" type="stmt" count="0"/>
        <line num="100" type="stmt" count="0"/>
        <line num="101" type="stmt" count="0"/>
        <line num="103" type="stmt" count="0"/>
        <line num="106" type="stmt" count="0"/>
        <line num="114" type="method" name="setCache" visibility="public" complexity="1" crap="2" count="0"/>
        <line num="116" type="stmt" count="0"/>
        <line num="117" type="stmt" count="0"/>
        <line num="125" type="method" name="recursiveImplode" visibility="protected" complexity="5" crap="30" count="0"/>
        <line num="127" type="stmt" count="0"/>
        <line num="128" type="stmt" count="0"/>
        <line num="129" type="stmt" count="0"/>
        <line num="130" type="stmt" count="0"/>
        <line num="131" type="stmt" count="0"/>
        <line num="132" type="stmt" count="0"/>
        <line num="134" type="stmt" count="0"/>
        <line num="136" type="stmt" count="0"/>
        <line num="137" type="stmt" count="0"/>
        <line num="139" type="stmt" count="0"/>
        <line num="142" type="stmt" count="0"/>
        <metrics loc="144" ncloc="91" classes="1" methods="5" coveredmethods="0" conditionals="0" coveredconditionals="0" statements="34" coveredstatements="0" elements="39" coveredelements="0"/>
      </file>
      <file name="/Applications/MAMP/htdocs/Laravel-Aspect/src/Interceptor/AbstractLogger.php">
        <class name="Ytake\LaravelAspect\Interceptor\AbstractLogger" namespace="Ytake\LaravelAspect\Interceptor">
          <metrics complexity="4" methods="2" coveredmethods="0" conditionals="0" coveredconditionals="0" statements="14" coveredstatements="0" elements="16" coveredelements="0"/>
        </class>
        <line num="41" type="method" name="logFormatter" visibility="protected" complexity="3" crap="12" count="0"/>
        <line num="43" type="stmt" count="0"/>
        <line num="44" type="stmt" count="0"/>
        <line num="45" type="stmt" count="0"/>
        <line num="46" type="stmt" count="0"/>
        <line num="47" type="stmt" count="0"/>
        <line num="51" type="stmt" count="0"/>
        <line num="52" type="stmt" count="0"/>
        <line num="53" type="stmt" count="0"/>
        <line num="54" type="stmt" count="0"/>
        <line num="55" type="stmt" count="0"/>
        <line num="56" type="stmt" count="0"/>
        <line num="58" type="stmt" count="0"/>
        <line num="65" type="method" name="setLogger" visibility="public" complexity="1" crap="2" count="0"/>
        <line num="67" type="stmt" count="0"/>
        <line num="68" type="stmt" count="0"/>
        <metrics loc="69" ncloc="40" classes="1" methods="2" coveredmethods="0" conditionals="0" coveredconditionals="0" statements="14" coveredstatements="0" elements="16" coveredelements="0"/>
      </file>
      <file name="/Applications/MAMP/htdocs/Laravel-Aspect/src/Interceptor/AsyncInterceptor.php">
        <class name="Ytake\LaravelAspect\Interceptor\AsyncInterceptor" namespace="Ytake\LaravelAspect\Interceptor">
          <metrics complexity="6" methods="0" coveredmethods="0" conditionals="0" coveredconditionals="0" statements="0" coveredstatements="0" elements="0" coveredelements="0"/>
        </class>
        <metrics loc="65" ncloc="38" classes="0" methods="0" coveredmethods="0" conditionals="0" coveredconditionals="0" statements="0" coveredstatements="0" elements="0" coveredelements="0"/>
      </file>
      <file name="/Applications/MAMP/htdocs/Laravel-Aspect/src/Interceptor/CacheEvictInterceptor.php">
        <class name="Ytake\LaravelAspect\Interceptor\CacheEvictInterceptor" namespace="Ytake\LaravelAspect\Interceptor">
          <metrics complexity="3" methods="1" coveredmethods="0" conditionals="0" coveredconditionals="0" statements="12" coveredstatements="0" elements="13" coveredelements="0"/>
        </class>
        <line num="32" type="method" name="invoke" visibility="public" complexity="3" crap="12" count="0"/>
        <line num="34" type="stmt" count="0"/>
        <line num="35" type="stmt" count="0"/>
        <line num="36" type="stmt" count="0"/>
        <line num="37" type="stmt" count="0"/>
        <line num="39" type="stmt" count="0"/>
        <line num="42" type="stmt" count="0"/>
        <line num="44" type="stmt" count="0"/>
        <line num="45" type="stmt" count="0"/>
        <line num="47" type="stmt" count="0"/>
        <line num="49" type="stmt" count="0"/>
        <line num="50" type="stmt" count="0"/>
        <line num="52" type="stmt" count="0"/>
        <metrics loc="54" ncloc="29" classes="1" methods="1" coveredmethods="0" conditionals="0" coveredconditionals="0" statements="12" coveredstatements="0" elements="13" coveredelements="0"/>
      </file>
      <file name="/Applications/MAMP/htdocs/Laravel-Aspect/src/Interceptor/CachePutInterceptor.php">
        <class name="Ytake\LaravelAspect\Interceptor\CachePutInterceptor" namespace="Ytake\LaravelAspect\Interceptor">
          <metrics complexity="3" methods="1" coveredmethods="0" conditionals="0" coveredconditionals="0" statements="10" coveredstatements="0" elements="11" coveredelements="0"/>
        </class>
        <line num="32" type="method" name="invoke" visibility="public" complexity="3" crap="12" count="0"/>
        <line num="34" type="stmt" count="0"/>
        <line num="35" type="stmt" count="0"/>
        <line num="36" type="stmt" count="0"/>
        <line num="37" type="stmt" count="0"/>
        <line num="39" type="stmt" count="0"/>
        <line num="41" type="stmt" count="0"/>
        <line num="42" type="stmt" count="0"/>
        <line num="43" type="stmt" count="0"/>
        <line num="44" type="stmt" count="0"/>
        <line num="47" type="stmt" count="0"/>
        <metrics loc="49" ncloc="24" classes="1" methods="1" coveredmethods="0" conditionals="0" coveredconditionals="0" statements="10" coveredstatements="0" elements="11" coveredelements="0"/>
      </file>
      <file name="/Applications/MAMP/htdocs/Laravel-Aspect/src/Interceptor/CacheableInterceptor.php">
        <class name="Ytake\LaravelAspect\Interceptor\CacheableInterceptor" namespace="Ytake\LaravelAspect\Interceptor">
          <metrics complexity="6" methods="1" coveredmethods="0" conditionals="0" coveredconditionals="0" statements="17" coveredstatements="0" elements="18" coveredelements="0"/>
        </class>
        <line num="33" type="method" name="invoke" visibility="public" complexity="6" crap="42" count="0"/>
        <line num="36" type="stmt" count="0"/>
        <line num="37" type="stmt" count="0"/>
        <line num="38" type="stmt" count="0"/>
        <line num="39" type="stmt" count="0"/>
        <line num="41" type="stmt" count="0"/>
        <line num="43" type="stmt" count="0"/>
        <line num="44" type="stmt" count="0"/>
        <line num="45" type="stmt" count="0"/>
        <line num="46" type="stmt" count="0"/>
        <line num="48" type="stmt" count="0"/>
        <line num="49" type="stmt" count="0"/>
        <line num="50" type="stmt" count="0"/>
        <line num="51" type="stmt" count="0"/>
        <line num="54" type="stmt" count="0"/>
        <line num="56" type="stmt" count="0"/>
        <line num="57" type="stmt" count="0"/>
        <line num="60" type="stmt" count="0"/>
        <metrics loc="62" ncloc="36" classes="1" methods="1" coveredmethods="0" conditionals="0" coveredconditionals="0" statements="17" coveredstatements="0" elements="18" coveredelements="0"/>
      </file>
      <file name="/Applications/MAMP/htdocs/Laravel-Aspect/src/Interceptor/LogExceptionsInterceptor.php">
        <class name="Ytake\LaravelAspect\Interceptor\LogExceptionsInterceptor" namespace="Ytake\LaravelAspect\Interceptor">
          <metrics complexity="5" methods="1" coveredmethods="0" conditionals="0" coveredconditionals="0" statements="13" coveredstatements="0" elements="14" coveredelements="0"/>
        </class>
        <line num="39" type="method" name="invoke" visibility="public" complexity="5" crap="30" count="0"/>
        <line num="42" type="stmt" count="0"/>
        <line num="44" type="stmt" count="0"/>
        <line num="45" type="stmt" count="0"/>
        <line num="46" type="stmt" count="0"/>
        <line num="47" type="stmt" count="0"/>
        <line num="48" type="stmt" count="0"/>
        <line num="50" type="stmt" count="0"/>
        <line num="51" type="stmt" count="0"/>
        <line num="52" type="stmt" count="0"/>
        <line num="53" type="stmt" count="0"/>
        <line num="54" type="stmt" count="0"/>
        <line num="56" type="stmt" count="0"/>
        <line num="59" type="stmt" count="0"/>
        <metrics loc="66" ncloc="36" classes="1" methods="1" coveredmethods="0" conditionals="0" coveredconditionals="0" statements="13" coveredstatements="0" elements="14" coveredelements="0"/>
      </file>
      <file name="/Applications/MAMP/htdocs/Laravel-Aspect/src/Interceptor/LoggableInterceptor.php">
        <class name="Ytake\LaravelAspect\Interceptor\LoggableInterceptor" namespace="Ytake\LaravelAspect\Interceptor">
          <metrics complexity="4" methods="1" coveredmethods="0" conditionals="0" coveredconditionals="0" statements="14" coveredstatements="0" elements="15" coveredelements="0"/>
        </class>
        <line num="39" type="method" name="invoke" visibility="public" complexity="4" crap="20" count="0"/>
        <line num="42" type="stmt" count="0"/>
        <line num="43" type="stmt" count="0"/>
        <line num="44" type="stmt" count="0"/>
        <line num="45" type="stmt" count="0"/>
        <line num="46" type="stmt" count="0"/>
        <line num="47" type="stmt" count="0"/>
        <line num="48" type="stmt" count="0"/>
        <line num="49" type="stmt" count="0"/>
        <line num="51" type="stmt" count="0"/>
        <line num="53" type="stmt" count="0"/>
        <line num="54" type="stmt" count="0"/>
        <line num="55" type="stmt" count="0"/>
        <line num="57" type="stmt" count="0"/>
        <line num="60" type="stmt" count="0"/>
        <metrics loc="62" ncloc="36" classes="1" methods="1" coveredmethods="0" conditionals="0" coveredconditionals="0" statements="14" coveredstatements="0" elements="15" coveredelements="0"/>
      </file>
      <file name="/Applications/MAMP/htdocs/Laravel-Aspect/src/Interceptor/MessageDrivenInterceptor.php">
        <class name="Ytake\LaravelAspect\Interceptor\MessageDrivenInterceptor" namespace="Ytake\LaravelAspect\Interceptor">
          <metrics complexity="3" methods="2" coveredmethods="0" conditionals="0" coveredconditionals="0" statements="10" coveredstatements="0" elements="12" coveredelements="0"/>
        </class>
        <line num="45" type="method" name="invoke" visibility="public" complexity="2" crap="6" count="0"/>
        <line num="48" type="stmt" count="0"/>
        <line num="49" type="stmt" count="0"/>
        <line num="50" type="stmt" count="0"/>
        <line num="51" type="stmt" count="0"/>
        <line num="52" type="stmt" count="0"/>
        <line num="53" type="stmt" count="0"/>
        <line num="54" type="stmt" count="0"/>
        <line num="57" type="stmt" count="0"/>
        <line num="63" type="method" name="setBusDispatcher" visibility="public" complexity="1" crap="2" count="0"/>
        <line num="65" type="stmt" count="0"/>
        <line num="66" type="stmt" count="0"/>
        <metrics loc="67" ncloc="38" classes="1" methods="2" coveredmethods="0" conditionals="0" coveredconditionals="0" statements="10" coveredstatements="0" elements="12" coveredelements="0"/>
      </file>
      <file name="/Applications/MAMP/htdocs/Laravel-Aspect/src/Interceptor/QueryLogInterceptor.php">
        <class name="Ytake\LaravelAspect\Interceptor\QueryLogInterceptor" namespace="Ytake\LaravelAspect\Interceptor">
          <metrics complexity="7" methods="4" coveredmethods="0" conditionals="0" coveredconditionals="0" statements="26" coveredstatements="0" elements="30" coveredelements="0"/>
        </class>
        <line num="48" type="method" name="invoke" visibility="public" complexity="3" crap="12" count="0"/>
        <line num="51" type="stmt" count="0"/>
        <line num="52" type="stmt" count="0"/>
        <line num="53" type="stmt" count="0"/>
        <line num="54" type="stmt" count="0"/>
        <line num="55" type="stmt" count="0"/>
        <line num="56" type="stmt" count="0"/>
        <line num="57" type="stmt" count="0"/>
        <line num="58" type="stmt" count="0"/>
        <line num="60" type="stmt" count="0"/>
        <line num="62" type="stmt" count="0"/>
        <line num="64" type="stmt" count="0"/>
        <line num="72" type="method" name="anonymousFunction:72#314" complexity="1" crap="2" count="0"/>
        <line num="73" type="stmt" count="0"/>
        <line num="74" type="stmt" count="0"/>
        <line num="75" type="stmt" count="0"/>
        <line num="76" type="stmt" count="0"/>
        <line num="77" type="stmt" count="0"/>
        <line num="79" type="stmt" count="0"/>
        <line num="80" type="stmt" count="0"/>
        <line num="88" type="method" name="queryLogFormatter" visibility="protected" complexity="1" crap="2" count="0"/>
        <line num="91" type="stmt" count="0"/>
        <line num="92" type="stmt" count="0"/>
        <line num="93" type="stmt" count="0"/>
        <line num="94" type="stmt" count="0"/>
        <line num="95" type="stmt" count="0"/>
        <line num="96" type="stmt" count="0"/>
        <line num="99" type="stmt" count="0"/>
        <line num="107" type="method" name="setDispatcher" visibility="public" complexity="1" crap="2" count="0"/>
        <line num="109" type="stmt" count="0"/>
        <line num="110" type="stmt" count="0"/>
        <metrics loc="111" ncloc="72" classes="1" methods="4" coveredmethods="0" conditionals="0" coveredconditionals="0" statements="27" coveredstatements="0" elements="31" coveredelements="0"/>
      </file>
      <file name="/Applications/MAMP/htdocs/Laravel-Aspect/src/Interceptor/RetryOnFailureInterceptor.php">
        <class name="Ytake\LaravelAspect\Interceptor\RetryOnFailureInterceptor" namespace="Ytake\LaravelAspect\Interceptor">
          <metrics complexity="8" methods="3" coveredmethods="0" conditionals="0" coveredconditionals="0" statements="13" coveredstatements="0" elements="16" coveredelements="0"/>
        </class>
        <line num="41" type="method" name="invoke" visibility="public" complexity="6" crap="42" count="0"/>
        <line num="44" type="stmt" count="0"/>
        <line num="45" type="stmt" count="0"/>
        <line num="47" type="stmt" count="0"/>
        <line num="48" type="stmt" count="0"/>
        <line num="52" type="stmt" count="0"/>
        <line num="54" type="stmt" count="0"/>
        <line num="55" type="stmt" count="0"/>
        <line num="56" type="stmt" count="0"/>
        <line num="57" type="stmt" count="0"/>
        <line num="58" type="stmt" count="0"/>
        <line num="61" type="method" name="anonymousFunction:61#254" complexity="1" crap="2" count="0"/>
        <line num="62" type="stmt" count="0"/>
        <line num="63" type="stmt" count="0"/>
        <line num="64" type="stmt" count="0"/>
        <line num="65" type="stmt" count="0"/>
        <line num="66" type="stmt" count="0"/>
        <line num="68" type="stmt" count="0"/>
        <line num="71" type="stmt" count="0"/>
        <line num="72" type="stmt" count="0"/>
        <line num="81" type="method" name="keyName" visibility="protected" complexity="1" crap="2" count="0"/>
        <line num="83" type="stmt" count="0"/>
        <metrics loc="85" ncloc="54" classes="1" methods="3" coveredmethods="0" conditionals="0" coveredconditionals="0" statements="19" coveredstatements="0" elements="22" coveredelements="0"/>
      </file>
      <file name="/Applications/MAMP/htdocs/Laravel-Aspect/src/Interceptor/TransactionalInterceptor.php">
        <class name="Ytake\LaravelAspect\Interceptor\TransactionalInterceptor" namespace="Ytake\LaravelAspect\Interceptor">
          <metrics complexity="4" methods="2" coveredmethods="0" conditionals="0" coveredconditionals="0" statements="12" coveredstatements="0" elements="14" coveredelements="0"/>
        </class>
        <line num="45" type="method" name="invoke" visibility="public" complexity="3" crap="12" count="0"/>
        <line num="47" type="stmt" count="0"/>
        <line num="49" type="stmt" count="0"/>
        <line num="50" type="stmt" count="0"/>
        <line num="51" type="stmt" count="0"/>
        <line num="53" type="stmt" count="0"/>
        <line num="54" type="stmt" count="0"/>
        <line num="55" type="stmt" count="0"/>
        <line num="57" type="stmt" count="0"/>
        <line num="58" type="stmt" count="0"/>
        <line num="60" type="stmt" count="0"/>
        <line num="66" type="method" name="setDatabaseManager" visibility="public" complexity="1" crap="2" count="0"/>
        <line num="68" type="stmt" count="0"/>
        <line num="69" type="stmt" count="0"/>
        <metrics loc="70" ncloc="40" classes="1" methods="2" coveredmethods="0" conditionals="0" coveredconditionals="0" statements="12" coveredstatements="0" elements="14" coveredelements="0"/>
      </file>
    </package>
    <package name="Ytake\LaravelAspect\Matcher">
      <file name="/Applications/MAMP/htdocs/Laravel-Aspect/src/Matcher/AnnotationScanMatcher.php">
        <class name="Ytake\LaravelAspect\Matcher\AnnotationScanMatcher" namespace="Ytake\LaravelAspect\Matcher">
          <metrics complexity="7" methods="4" coveredmethods="2" conditionals="0" coveredconditionals="0" statements="15" coveredstatements="12" elements="19" coveredelements="14"/>
        </class>
        <line num="34" type="method" name="__construct" visibility="public" complexity="1" crap="1" count="1"/>
        <line num="36" type="stmt" count="1"/>
        <line num="37" type="stmt" count="1"/>
        <line num="38" type="stmt" count="1"/>
        <line num="39" type="stmt" count="1"/>
        <line num="44" type="method" name="matchesClass" visibility="public" complexity="1" crap="1" count="1"/>
        <line num="47" type="stmt" count="1"/>
        <line num="56" type="method" name="has" visibility="private" complexity="4" crap="4.03" count="1"/>
        <line num="58" type="stmt" count="1"/>
        <line num="59" type="stmt" count="1"/>
        <line num="60" type="stmt" count="1"/>
        <line num="61" type="stmt" count="1"/>
        <line num="62" type="stmt" count="1"/>
        <line num="65" type="stmt" count="1"/>
        <line num="66" type="stmt" count="0"/>
        <line num="69" type="stmt" count="1"/>
        <line num="75" type="method" name="matchesMethod" visibility="public" complexity="1" crap="2" count="0"/>
        <line num="77" type="stmt" count="0"/>
        <line num="79" type="stmt" count="0"/>
        <metrics loc="81" ncloc="47" classes="1" methods="4" coveredmethods="2" conditionals="0" coveredconditionals="0" statements="15" coveredstatements="12" elements="19" coveredelements="14"/>
      </file>
    </package>
    <package name="Ytake\LaravelAspect\Modules">
      <file name="/Applications/MAMP/htdocs/Laravel-Aspect/src/Modules/AspectModule.php">
        <class name="Ytake\LaravelAspect\Modules\AspectModule" namespace="Ytake\LaravelAspect\Modules">
          <metrics complexity="2" methods="1" coveredmethods="1" conditionals="0" coveredconditionals="0" statements="1" coveredstatements="1" elements="2" coveredelements="2"/>
        </class>
        <line num="39" type="method" name="target" visibility="public" complexity="1" crap="1" count="1"/>
        <line num="41" type="stmt" count="1"/>
        <metrics loc="43" ncloc="17" classes="1" methods="1" coveredmethods="1" conditionals="0" coveredconditionals="0" statements="1" coveredstatements="1" elements="2" coveredelements="2"/>
      </file>
      <file name="/Applications/MAMP/htdocs/Laravel-Aspect/src/Modules/AsyncModule.php">
        <class name="Ytake\LaravelAspect\Modules\AsyncModule" namespace="Ytake\LaravelAspect\Modules">
          <metrics complexity="2" methods="1" coveredmethods="0" conditionals="0" coveredconditionals="0" statements="1" coveredstatements="0" elements="2" coveredelements="0"/>
        </class>
        <line num="35" type="method" name="registerPointCut" visibility="public" complexity="2" crap="6" count="0"/>
        <line num="42" type="stmt" count="0"/>
        <metrics loc="44" ncloc="17" classes="1" methods="1" coveredmethods="0" conditionals="0" coveredconditionals="0" statements="1" coveredstatements="0" elements="2" coveredelements="0"/>
      </file>
      <file name="/Applications/MAMP/htdocs/Laravel-Aspect/src/Modules/CacheEvictModule.php">
        <class name="Ytake\LaravelAspect\Modules\CacheEvictModule" namespace="Ytake\LaravelAspect\Modules">
          <metrics complexity="1" methods="1" coveredmethods="0" conditionals="0" coveredconditionals="0" statements="1" coveredstatements="0" elements="2" coveredelements="0"/>
        </class>
        <line num="34" type="method" name="registerPointCut" visibility="public" complexity="1" crap="2" count="0"/>
        <line num="36" type="stmt" count="0"/>
        <metrics loc="38" ncloc="16" classes="1" methods="1" coveredmethods="0" conditionals="0" coveredconditionals="0" statements="1" coveredstatements="0" elements="2" coveredelements="0"/>
      </file>
      <file name="/Applications/MAMP/htdocs/Laravel-Aspect/src/Modules/CachePutModule.php">
        <class name="Ytake\LaravelAspect\Modules\CachePutModule" namespace="Ytake\LaravelAspect\Modules">
          <metrics complexity="1" methods="1" coveredmethods="0" conditionals="0" coveredconditionals="0" statements="1" coveredstatements="0" elements="2" coveredelements="0"/>
        </class>
        <line num="34" type="method" name="registerPointCut" visibility="public" complexity="1" crap="2" count="0"/>
        <line num="36" type="stmt" count="0"/>
        <metrics loc="38" ncloc="16" classes="1" methods="1" coveredmethods="0" conditionals="0" coveredconditionals="0" statements="1" coveredstatements="0" elements="2" coveredelements="0"/>
      </file>
      <file name="/Applications/MAMP/htdocs/Laravel-Aspect/src/Modules/CacheableModule.php">
        <class name="Ytake\LaravelAspect\Modules\CacheableModule" namespace="Ytake\LaravelAspect\Modules">
          <metrics complexity="1" methods="1" coveredmethods="0" conditionals="0" coveredconditionals="0" statements="1" coveredstatements="0" elements="2" coveredelements="0"/>
        </class>
        <line num="34" type="method" name="registerPointCut" visibility="public" complexity="1" crap="2" count="0"/>
        <line num="36" type="stmt" count="0"/>
        <metrics loc="38" ncloc="16" classes="1" methods="1" coveredmethods="0" conditionals="0" coveredconditionals="0" statements="1" coveredstatements="0" elements="2" coveredelements="0"/>
      </file>
      <file name="/Applications/MAMP/htdocs/Laravel-Aspect/src/Modules/LogExceptionsModule.php">
        <class name="Ytake\LaravelAspect\Modules\LogExceptionsModule" namespace="Ytake\LaravelAspect\Modules">
          <metrics complexity="1" methods="1" coveredmethods="0" conditionals="0" coveredconditionals="0" statements="1" coveredstatements="0" elements="2" coveredelements="0"/>
        </class>
        <line num="34" type="method" name="registerPointCut" visibility="public" complexity="1" crap="2" count="0"/>
        <line num="36" type="stmt" count="0"/>
        <metrics loc="38" ncloc="16" classes="1" methods="1" coveredmethods="0" conditionals="0" coveredconditionals="0" statements="1" coveredstatements="0" elements="2" coveredelements="0"/>
      </file>
      <file name="/Applications/MAMP/htdocs/Laravel-Aspect/src/Modules/LoggableModule.php">
        <class name="Ytake\LaravelAspect\Modules\LoggableModule" namespace="Ytake\LaravelAspect\Modules">
          <metrics complexity="1" methods="1" coveredmethods="0" conditionals="0" coveredconditionals="0" statements="1" coveredstatements="0" elements="2" coveredelements="0"/>
        </class>
        <line num="34" type="method" name="registerPointCut" visibility="public" complexity="1" crap="2" count="0"/>
        <line num="36" type="stmt" count="0"/>
        <metrics loc="38" ncloc="16" classes="1" methods="1" coveredmethods="0" conditionals="0" coveredconditionals="0" statements="1" coveredstatements="0" elements="2" coveredelements="0"/>
      </file>
      <file name="/Applications/MAMP/htdocs/Laravel-Aspect/src/Modules/MessageDrivenModule.php">
        <class name="Ytake\LaravelAspect\Modules\MessageDrivenModule" namespace="Ytake\LaravelAspect\Modules">
          <metrics complexity="1" methods="1" coveredmethods="0" conditionals="0" coveredconditionals="0" statements="1" coveredstatements="0" elements="2" coveredelements="0"/>
        </class>
        <line num="34" type="method" name="registerPointCut" visibility="public" complexity="1" crap="2" count="0"/>
        <line num="36" type="stmt" count="0"/>
        <metrics loc="38" ncloc="16" classes="1" methods="1" coveredmethods="0" conditionals="0" coveredconditionals="0" statements="1" coveredstatements="0" elements="2" coveredelements="0"/>
      </file>
      <file name="/Applications/MAMP/htdocs/Laravel-Aspect/src/Modules/PostConstructModule.php">
        <class name="Ytake\LaravelAspect\Modules\PostConstructModule" namespace="Ytake\LaravelAspect\Modules">
          <metrics complexity="1" methods="1" coveredmethods="1" conditionals="0" coveredconditionals="0" statements="1" coveredstatements="1" elements="2" coveredelements="2"/>
        </class>
        <line num="34" type="method" name="registerPointCut" visibility="public" complexity="1" crap="1" count="1"/>
        <line num="36" type="stmt" count="1"/>
        <metrics loc="38" ncloc="16" classes="1" methods="1" coveredmethods="1" conditionals="0" coveredconditionals="0" statements="1" coveredstatements="1" elements="2" coveredelements="2"/>
      </file>
      <file name="/Applications/MAMP/htdocs/Laravel-Aspect/src/Modules/QueryLogModule.php">
        <class name="Ytake\LaravelAspect\Modules\QueryLogModule" namespace="Ytake\LaravelAspect\Modules">
          <metrics complexity="1" methods="1" coveredmethods="0" conditionals="0" coveredconditionals="0" statements="1" coveredstatements="0" elements="2" coveredelements="0"/>
        </class>
        <line num="35" type="method" name="registerPointCut" visibility="public" complexity="1" crap="2" count="0"/>
        <line num="37" type="stmt" count="0"/>
        <metrics loc="39" ncloc="17" classes="1" methods="1" coveredmethods="0" conditionals="0" coveredconditionals="0" statements="1" coveredstatements="0" elements="2" coveredelements="0"/>
      </file>
      <file name="/Applications/MAMP/htdocs/Laravel-Aspect/src/Modules/RetryOnFailureModule.php">
        <class name="Ytake\LaravelAspect\Modules\RetryOnFailureModule" namespace="Ytake\LaravelAspect\Modules">
          <metrics complexity="1" methods="1" coveredmethods="0" conditionals="0" coveredconditionals="0" statements="1" coveredstatements="0" elements="2" coveredelements="0"/>
        </class>
        <line num="34" type="method" name="registerPointCut" visibility="public" complexity="1" crap="2" count="0"/>
        <line num="36" type="stmt" count="0"/>
        <metrics loc="38" ncloc="16" classes="1" methods="1" coveredmethods="0" conditionals="0" coveredconditionals="0" statements="1" coveredstatements="0" elements="2" coveredelements="0"/>
      </file>
      <file name="/Applications/MAMP/htdocs/Laravel-Aspect/src/Modules/TransactionalModule.php">
        <class name="Ytake\LaravelAspect\Modules\TransactionalModule" namespace="Ytake\LaravelAspect\Modules">
          <metrics complexity="1" methods="1" coveredmethods="0" conditionals="0" coveredconditionals="0" statements="1" coveredstatements="0" elements="2" coveredelements="0"/>
        </class>
        <line num="34" type="method" name="registerPointCut" visibility="public" complexity="1" crap="2" count="0"/>
        <line num="36" type="stmt" count="0"/>
        <metrics loc="38" ncloc="16" classes="1" methods="1" coveredmethods="0" conditionals="0" coveredconditionals="0" statements="1" coveredstatements="0" elements="2" coveredelements="0"/>
      </file>
    </package>
    <package name="Ytake\LaravelAspect\PointCut">
      <file name="/Applications/MAMP/htdocs/Laravel-Aspect/src/PointCut/AsyncPointCut.php">
        <class name="Ytake\LaravelAspect\PointCut\AsyncPointCut" namespace="Ytake\LaravelAspect\PointCut">
          <metrics complexity="1" methods="1" coveredmethods="0" conditionals="0" coveredconditionals="0" statements="2" coveredstatements="0" elements="3" coveredelements="0"/>
        </class>
        <line num="38" type="method" name="configure" visibility="public" complexity="1" crap="2" count="0"/>
        <line num="40" type="stmt" count="0"/>
        <line num="42" type="stmt" count="0"/>
        <metrics loc="44" ncloc="19" classes="1" methods="1" coveredmethods="0" conditionals="0" coveredconditionals="0" statements="2" coveredstatements="0" elements="3" coveredelements="0"/>
      </file>
      <file name="/Applications/MAMP/htdocs/Laravel-Aspect/src/PointCut/CacheEvictPointCut.php">
        <class name="Ytake\LaravelAspect\PointCut\CacheEvictPointCut" namespace="Ytake\LaravelAspect\PointCut">
          <metrics complexity="1" methods="1" coveredmethods="0" conditionals="0" coveredconditionals="0" statements="4" coveredstatements="0" elements="5" coveredelements="0"/>
        </class>
        <line num="37" type="method" name="configure" visibility="public" complexity="1" crap="2" count="0"/>
        <line num="39" type="stmt" count="0"/>
        <line num="40" type="stmt" count="0"/>
        <line num="41" type="stmt" count="0"/>
        <line num="43" type="stmt" count="0"/>
        <metrics loc="45" ncloc="21" classes="1" methods="1" coveredmethods="0" conditionals="0" coveredconditionals="0" statements="4" coveredstatements="0" elements="5" coveredelements="0"/>
      </file>
      <file name="/Applications/MAMP/htdocs/Laravel-Aspect/src/PointCut/CachePutPointCut.php">
        <class name="Ytake\LaravelAspect\PointCut\CachePutPointCut" namespace="Ytake\LaravelAspect\PointCut">
          <metrics complexity="1" methods="1" coveredmethods="0" conditionals="0" coveredconditionals="0" statements="4" coveredstatements="0" elements="5" coveredelements="0"/>
        </class>
        <line num="37" type="method" name="configure" visibility="public" complexity="1" crap="2" count="0"/>
        <line num="39" type="stmt" count="0"/>
        <line num="40" type="stmt" count="0"/>
        <line num="41" type="stmt" count="0"/>
        <line num="43" type="stmt" count="0"/>
        <metrics loc="45" ncloc="21" classes="1" methods="1" coveredmethods="0" conditionals="0" coveredconditionals="0" statements="4" coveredstatements="0" elements="5" coveredelements="0"/>
      </file>
      <file name="/Applications/MAMP/htdocs/Laravel-Aspect/src/PointCut/CacheablePointCut.php">
        <class name="Ytake\LaravelAspect\PointCut\CacheablePointCut" namespace="Ytake\LaravelAspect\PointCut">
          <metrics complexity="1" methods="1" coveredmethods="0" conditionals="0" coveredconditionals="0" statements="4" coveredstatements="0" elements="5" coveredelements="0"/>
        </class>
        <line num="37" type="method" name="configure" visibility="public" complexity="1" crap="2" count="0"/>
        <line num="39" type="stmt" count="0"/>
        <line num="40" type="stmt" count="0"/>
        <line num="41" type="stmt" count="0"/>
        <line num="43" type="stmt" count="0"/>
        <metrics loc="45" ncloc="21" classes="1" methods="1" coveredmethods="0" conditionals="0" coveredconditionals="0" statements="4" coveredstatements="0" elements="5" coveredelements="0"/>
      </file>
      <file name="/Applications/MAMP/htdocs/Laravel-Aspect/src/PointCut/CommonPointCut.php">
        <class name="Ytake\LaravelAspect\PointCut\CommonPointCut" namespace="Ytake\LaravelAspect\PointCut">
          <metrics complexity="3" methods="2" coveredmethods="0" conditionals="0" coveredconditionals="0" statements="8" coveredstatements="0" elements="10" coveredelements="0"/>
        </class>
        <line num="38" type="method" name="setInterceptor" visibility="protected" complexity="1" crap="2" count="0"/>
        <line num="40" type="stmt" count="0"/>
        <line num="41" type="stmt" count="0"/>
        <line num="46" type="method" name="withAnnotatedAnyInterceptor" visibility="protected" complexity="2" crap="6" count="0"/>
        <line num="48" type="stmt" count="0"/>
        <line num="49" type="stmt" count="0"/>
        <line num="52" type="stmt" count="0"/>
        <line num="53" type="stmt" count="0"/>
        <line num="54" type="stmt" count="0"/>
        <line num="55" type="stmt" count="0"/>
        <metrics loc="58" ncloc="32" classes="1" methods="2" coveredmethods="0" conditionals="0" coveredconditionals="0" statements="8" coveredstatements="0" elements="10" coveredelements="0"/>
      </file>
      <file name="/Applications/MAMP/htdocs/Laravel-Aspect/src/PointCut/LogExceptionsPointCut.php">
        <class name="Ytake\LaravelAspect\PointCut\LogExceptionsPointCut" namespace="Ytake\LaravelAspect\PointCut">
          <metrics complexity="1" methods="1" coveredmethods="0" conditionals="0" coveredconditionals="0" statements="4" coveredstatements="0" elements="5" coveredelements="0"/>
        </class>
        <line num="37" type="method" name="configure" visibility="public" complexity="1" crap="2" count="0"/>
        <line num="39" type="stmt" count="0"/>
        <line num="40" type="stmt" count="0"/>
        <line num="41" type="stmt" count="0"/>
        <line num="43" type="stmt" count="0"/>
        <metrics loc="45" ncloc="21" classes="1" methods="1" coveredmethods="0" conditionals="0" coveredconditionals="0" statements="4" coveredstatements="0" elements="5" coveredelements="0"/>
      </file>
      <file name="/Applications/MAMP/htdocs/Laravel-Aspect/src/PointCut/LoggablePointCut.php">
        <class name="Ytake\LaravelAspect\PointCut\LoggablePointCut" namespace="Ytake\LaravelAspect\PointCut">
          <metrics complexity="1" methods="1" coveredmethods="0" conditionals="0" coveredconditionals="0" statements="4" coveredstatements="0" elements="5" coveredelements="0"/>
        </class>
        <line num="37" type="method" name="configure" visibility="public" complexity="1" crap="2" count="0"/>
        <line num="39" type="stmt" count="0"/>
        <line num="40" type="stmt" count="0"/>
        <line num="41" type="stmt" count="0"/>
        <line num="43" type="stmt" count="0"/>
        <metrics loc="45" ncloc="21" classes="1" methods="1" coveredmethods="0" conditionals="0" coveredconditionals="0" statements="4" coveredstatements="0" elements="5" coveredelements="0"/>
      </file>
      <file name="/Applications/MAMP/htdocs/Laravel-Aspect/src/PointCut/MessageDrivenPointCut.php">
        <class name="Ytake\LaravelAspect\PointCut\MessageDrivenPointCut" namespace="Ytake\LaravelAspect\PointCut">
          <metrics complexity="1" methods="1" coveredmethods="0" conditionals="0" coveredconditionals="0" statements="4" coveredstatements="0" elements="5" coveredelements="0"/>
        </class>
        <line num="38" type="method" name="configure" visibility="public" complexity="1" crap="2" count="0"/>
        <line num="40" type="stmt" count="0"/>
        <line num="41" type="stmt" count="0"/>
        <line num="42" type="stmt" count="0"/>
        <line num="44" type="stmt" count="0"/>
        <metrics loc="46" ncloc="22" classes="1" methods="1" coveredmethods="0" conditionals="0" coveredconditionals="0" statements="4" coveredstatements="0" elements="5" coveredelements="0"/>
      </file>
      <file name="/Applications/MAMP/htdocs/Laravel-Aspect/src/PointCut/PostConstructPointCut.php">
        <class name="Ytake\LaravelAspect\PointCut\PostConstructPointCut" namespace="Ytake\LaravelAspect\PointCut">
          <metrics complexity="1" methods="1" coveredmethods="1" conditionals="0" coveredconditionals="0" statements="4" coveredstatements="4" elements="5" coveredelements="5"/>
        </class>
        <line num="39" type="method" name="configure" visibility="public" complexity="1" crap="1" count="1"/>
        <line num="41" type="stmt" count="1"/>
        <line num="42" type="stmt" count="1"/>
        <line num="43" type="stmt" count="1"/>
        <line num="44" type="stmt" count="1"/>
        <metrics loc="47" ncloc="23" classes="1" methods="1" coveredmethods="1" conditionals="0" coveredconditionals="0" statements="4" coveredstatements="4" elements="5" coveredelements="5"/>
      </file>
      <file name="/Applications/MAMP/htdocs/Laravel-Aspect/src/PointCut/QueryLogPointCut.php">
        <class name="Ytake\LaravelAspect\PointCut\QueryLogPointCut" namespace="Ytake\LaravelAspect\PointCut">
          <metrics complexity="1" methods="1" coveredmethods="0" conditionals="0" coveredconditionals="0" statements="5" coveredstatements="0" elements="6" coveredelements="0"/>
        </class>
        <line num="38" type="method" name="configure" visibility="public" complexity="1" crap="2" count="0"/>
        <line num="40" type="stmt" count="0"/>
        <line num="41" type="stmt" count="0"/>
        <line num="42" type="stmt" count="0"/>
        <line num="43" type="stmt" count="0"/>
        <line num="45" type="stmt" count="0"/>
        <metrics loc="47" ncloc="23" classes="1" methods="1" coveredmethods="0" conditionals="0" coveredconditionals="0" statements="5" coveredstatements="0" elements="6" coveredelements="0"/>
      </file>
      <file name="/Applications/MAMP/htdocs/Laravel-Aspect/src/PointCut/RetryOnFailurePointCut.php">
        <class name="Ytake\LaravelAspect\PointCut\RetryOnFailurePointCut" namespace="Ytake\LaravelAspect\PointCut">
          <metrics complexity="1" methods="1" coveredmethods="0" conditionals="0" coveredconditionals="0" statements="2" coveredstatements="0" elements="3" coveredelements="0"/>
        </class>
        <line num="37" type="method" name="configure" visibility="public" complexity="1" crap="2" count="0"/>
        <line num="39" type="stmt" count="0"/>
        <line num="41" type="stmt" count="0"/>
        <metrics loc="43" ncloc="19" classes="1" methods="1" coveredmethods="0" conditionals="0" coveredconditionals="0" statements="2" coveredstatements="0" elements="3" coveredelements="0"/>
      </file>
      <file name="/Applications/MAMP/htdocs/Laravel-Aspect/src/PointCut/TransactionalPointCut.php">
        <class name="Ytake\LaravelAspect\PointCut\TransactionalPointCut" namespace="Ytake\LaravelAspect\PointCut">
          <metrics complexity="1" methods="1" coveredmethods="0" conditionals="0" coveredconditionals="0" statements="4" coveredstatements="0" elements="5" coveredelements="0"/>
        </class>
        <line num="37" type="method" name="configure" visibility="public" complexity="1" crap="2" count="0"/>
        <line num="39" type="stmt" count="0"/>
        <line num="40" type="stmt" count="0"/>
        <line num="41" type="stmt" count="0"/>
        <line num="43" type="stmt" count="0"/>
        <metrics loc="45" ncloc="21" classes="1" methods="1" coveredmethods="0" conditionals="0" coveredconditionals="0" statements="4" coveredstatements="0" elements="5" coveredelements="0"/>
      </file>
    </package>
    <file name="/Applications/MAMP/htdocs/Laravel-Aspect/src/PointCut/PointCutable.php">
      <metrics loc="32" ncloc="10" classes="0" methods="0" coveredmethods="0" conditionals="0" coveredconditionals="0" statements="0" coveredstatements="0" elements="0" coveredelements="0"/>
    </file>
    <package name="Ytake\LaravelAspect\Queue">
      <file name="/Applications/MAMP/htdocs/Laravel-Aspect/src/Queue/EagerMessage.php">
        <class name="Ytake\LaravelAspect\Queue\EagerMessage" namespace="Ytake\LaravelAspect\Queue">
          <metrics complexity="2" methods="2" coveredmethods="0" conditionals="0" coveredconditionals="0" statements="4" coveredstatements="0" elements="6" coveredelements="0"/>
        </class>
        <line num="35" type="method" name="__construct" visibility="public" complexity="1" crap="2" count="0"/>
        <line num="37" type="stmt" count="0"/>
        <line num="38" type="stmt" count="0"/>
        <line num="43" type="method" name="handle" visibility="public" complexity="1" crap="2" count="0"/>
        <line num="45" type="stmt" count="0"/>
        <line num="46" type="stmt" count="0"/>
        <metrics loc="47" ncloc="20" classes="1" methods="2" coveredmethods="0" conditionals="0" coveredconditionals="0" statements="4" coveredstatements="0" elements="6" coveredelements="0"/>
      </file>
      <file name="/Applications/MAMP/htdocs/Laravel-Aspect/src/Queue/LazyMessage.php">
        <class name="Ytake\LaravelAspect\Queue\LazyMessage" namespace="Ytake\LaravelAspect\Queue">
          <metrics complexity="3" methods="2" coveredmethods="0" conditionals="0" coveredconditionals="0" statements="10" coveredstatements="0" elements="12" coveredelements="0"/>
        </class>
        <line num="43" type="method" name="__construct" visibility="public" complexity="1" crap="2" count="0"/>
        <line num="45" type="stmt" count="0"/>
        <line num="46" type="stmt" count="0"/>
        <line num="51" type="method" name="handle" visibility="public" complexity="2" crap="6" count="0"/>
        <line num="53" type="stmt" count="0"/>
        <line num="54" type="stmt" count="0"/>
        <line num="55" type="stmt" count="0"/>
        <line num="56" type="stmt" count="0"/>
        <line num="58" type="stmt" count="0"/>
        <line num="59" type="stmt" count="0"/>
        <line num="61" type="stmt" count="0"/>
        <line num="64" type="stmt" count="0"/>
        <metrics loc="65" ncloc="38" classes="1" methods="2" coveredmethods="0" conditionals="0" coveredconditionals="0" statements="10" coveredstatements="0" elements="12" coveredelements="0"/>
      </file>
    </package>
    <package name="Ytake\LaravelAspect\Transaction">
      <file name="/Applications/MAMP/htdocs/Laravel-Aspect/src/Transaction/Execute.php">
        <class name="Ytake\LaravelAspect\Transaction\Execute" namespace="Ytake\LaravelAspect\Transaction">
          <metrics complexity="2" methods="2" coveredmethods="0" conditionals="0" coveredconditionals="0" statements="3" coveredstatements="0" elements="5" coveredelements="0"/>
        </class>
        <line num="38" type="method" name="__construct" visibility="public" complexity="1" crap="2" count="0"/>
        <line num="40" type="stmt" count="0"/>
        <line num="41" type="stmt" count="0"/>
        <line num="50" type="method" name="__invoke" visibility="public" complexity="1" crap="2" count="0"/>
        <line num="52" type="stmt" count="0"/>
        <metrics loc="54" ncloc="23" classes="1" methods="2" coveredmethods="0" conditionals="0" coveredconditionals="0" statements="3" coveredstatements="0" elements="5" coveredelements="0"/>
      </file>
      <file name="/Applications/MAMP/htdocs/Laravel-Aspect/src/Transaction/Runner.php">
        <class name="Ytake\LaravelAspect\Transaction\Runner" namespace="Ytake\LaravelAspect\Transaction">
          <metrics complexity="4" methods="3" coveredmethods="0" conditionals="0" coveredconditionals="0" statements="6" coveredstatements="0" elements="9" coveredelements="0"/>
        </class>
        <line num="37" type="method" name="__construct" visibility="public" complexity="1" crap="2" count="0"/>
        <line num="39" type="stmt" count="0"/>
        <line num="40" type="stmt" count="0"/>
        <line num="48" type="method" name="__invoke" visibility="public" complexity="2" crap="6" count="0"/>
        <line num="50" type="stmt" count="0"/>
        <line num="51" type="stmt" count="0"/>
        <line num="52" type="method" name="anonymousFunction:52#122" complexity="1" crap="2" count="0"/>
        <line num="53" type="stmt" count="0"/>
        <line num="54" type="stmt" count="0"/>
        <line num="57" type="stmt" count="0"/>
        <metrics loc="59" ncloc="29" classes="1" methods="3" coveredmethods="0" conditionals="0" coveredconditionals="0" statements="7" coveredstatements="0" elements="10" coveredelements="0"/>
      </file>
      <file name="/Applications/MAMP/htdocs/Laravel-Aspect/src/Transaction/TransactionInvoker.php">
        <class name="Ytake\LaravelAspect\Transaction\TransactionInvoker" namespace="Ytake\LaravelAspect\Transaction">
          <metrics complexity="5" methods="2" coveredmethods="0" conditionals="0" coveredconditionals="0" statements="16" coveredstatements="0" elements="18" coveredelements="0"/>
        </class>
        <line num="38" type="method" name="__construct" visibility="public" complexity="1" crap="2" count="0"/>
        <line num="40" type="stmt" count="0"/>
        <line num="41" type="stmt" count="0"/>
        <line num="51" type="method" name="__invoke" visibility="public" complexity="4" crap="20" count="0"/>
        <line num="53" type="stmt" count="0"/>
        <line num="54" type="stmt" count="0"/>
        <line num="56" type="stmt" count="0"/>
        <line num="57" type="stmt" count="0"/>
        <line num="58" type="stmt" count="0"/>
        <line num="60" type="stmt" count="0"/>
        <line num="61" type="stmt" count="0"/>
        <line num="62" type="stmt" count="0"/>
        <line num="64" type="stmt" count="0"/>
        <line num="65" type="stmt" count="0"/>
        <line num="66" type="stmt" count="0"/>
        <line num="68" type="stmt" count="0"/>
        <line num="69" type="stmt" count="0"/>
        <line num="72" type="stmt" count="0"/>
        <metrics loc="74" ncloc="40" classes="1" methods="2" coveredmethods="0" conditionals="0" coveredconditionals="0" statements="16" coveredstatements="0" elements="18" coveredelements="0"/>
      </file>
    </package>
    <file name="/Applications/MAMP/htdocs/Laravel-Aspect/src/Transaction/Runnable.php">
      <metrics loc="38" ncloc="12" classes="0" methods="0" coveredmethods="0" conditionals="0" coveredconditionals="0" statements="0" coveredstatements="0" elements="0" coveredelements="0"/>
    </file>
    <metrics files="74" loc="4024" ncloc="2033" classes="55" methods="98" coveredmethods="18" conditionals="0" coveredconditionals="0" statements="438" coveredstatements="89" elements="536" coveredelements="107"/>
  </project>
</coverage>
